0 info it worked if it ends with ok
1 verbose cli [ '/Users/josephamazrimas/.nvm/versions/node/v6.10.3/bin/node',
1 verbose cli   '/Users/josephamazrimas/.nvm/versions/node/v6.10.3/bin/npm',
1 verbose cli   'run',
1 verbose cli   'build' ]
2 info using npm@3.10.10
3 info using node@v6.10.3
4 verbose run-script [ 'prebuild', 'build', 'postbuild' ]
5 info lifecycle react_test@1.0.0~prebuild: react_test@1.0.0
6 silly lifecycle react_test@1.0.0~prebuild: no script for prebuild, continuing
7 info lifecycle react_test@1.0.0~build: react_test@1.0.0
8 verbose lifecycle react_test@1.0.0~build: unsafe-perm in lifecycle true
9 verbose lifecycle react_test@1.0.0~build: PATH: /Users/josephamazrimas/.nvm/versions/node/v6.10.3/lib/node_modules/npm/bin/node-gyp-bin:/Users/josephamazrimas/Downloads/amper-fe-challenge/node_modules/.bin:/Users/josephamazrimas/.nvm/versions/node/v6.10.3/bin:/usr/local/bin/platform-tools/:/Users/josephamazrimas/Library/Android/sdk/platform-tools:/Users/josephamazrimas/Library/Android/sdk:/Users/josephamazrimas/flyway-4.2.0:/Users/josephamazrimas/Applications/Postgres.app/Contents/Versions/latest/bin:/Users/josephamazrimas/Library/Python/3.6/bin:/Library/Frameworks/Python.framework/Versions/3.4/bin:/Library/Frameworks/Python.framework/Versions/3.6/bin:/usr/local/bin:/usr/bin:/bin:/usr/sbin:/sbin:/Applications/Wireshark.app/Contents/MacOS:/Applications/Postgres.app/Contents/Versions/latest/bin
10 verbose lifecycle react_test@1.0.0~build: CWD: /Users/josephamazrimas/Downloads/amper-fe-challenge
11 silly lifecycle react_test@1.0.0~build: Args: [ '-c', 'node_modules/webpack/bin/webpack.js' ]
12 silly lifecycle react_test@1.0.0~build: Returned: code: 2  signal: null
13 info lifecycle react_test@1.0.0~build: Failed to exec build script
14 verbose stack Error: react_test@1.0.0 build: `node_modules/webpack/bin/webpack.js`
14 verbose stack Exit status 2
14 verbose stack     at EventEmitter.<anonymous> (/Users/josephamazrimas/.nvm/versions/node/v6.10.3/lib/node_modules/npm/lib/utils/lifecycle.js:255:16)
14 verbose stack     at emitTwo (events.js:106:13)
14 verbose stack     at EventEmitter.emit (events.js:191:7)
14 verbose stack     at ChildProcess.<anonymous> (/Users/josephamazrimas/.nvm/versions/node/v6.10.3/lib/node_modules/npm/lib/utils/spawn.js:40:14)
14 verbose stack     at emitTwo (events.js:106:13)
14 verbose stack     at ChildProcess.emit (events.js:191:7)
14 verbose stack     at maybeClose (internal/child_process.js:886:16)
14 verbose stack     at Process.ChildProcess._handle.onexit (internal/child_process.js:226:5)
15 verbose pkgid react_test@1.0.0
16 verbose cwd /Users/josephamazrimas/Downloads/amper-fe-challenge
17 error Darwin 18.7.0
18 error argv "/Users/josephamazrimas/.nvm/versions/node/v6.10.3/bin/node" "/Users/josephamazrimas/.nvm/versions/node/v6.10.3/bin/npm" "run" "build"
19 error node v6.10.3
20 error npm  v3.10.10
21 error code ELIFECYCLE
22 error react_test@1.0.0 build: `node_modules/webpack/bin/webpack.js`
22 error Exit status 2
23 error Failed at the react_test@1.0.0 build script 'node_modules/webpack/bin/webpack.js'.
23 error Make sure you have the latest version of node.js and npm installed.
23 error If you do, this is most likely a problem with the react_test package,
23 error not with npm itself.
23 error Tell the author that this fails on your system:
23 error     node_modules/webpack/bin/webpack.js
23 error You can get information on how to open an issue for this project with:
23 error     npm bugs react_test
23 error Or if that isn't available, you can get their info via:
23 error     npm owner ls react_test
23 error There is likely additional logging output above.
24 verbose exit [ 1, true ]
